# JRE version: OpenJDK Runtime Environment Temurin-11.0.12+7 (11.0.12+7) (build 11.0.12+7)
# Java VM: OpenJDK 64-Bit Server VM Temurin-11.0.12+7 (11.0.12+7, mixed mode, tiered, compressed oops, g1 gc, linux-amd64)
Heap:
 garbage-first heap   total 78848K, used 46780K [0x00000000c0000000, 0x0000000100000000)
  region size 1024K, 6 young (6144K), 2 survivors (2048K)
 Metaspace       used 76651K, capacity 83066K, committed 83188K, reserved 1122304K
  class space    used 9027K, capacity 11240K, committed 11252K, reserved 1048576K
GC Heap History (20 events):
Event: 2110,594 GC heap before
{Heap before GC invocations=66 (full 0):
 garbage-first heap   total 78848K, used 43760K [0x00000000c0000000, 0x0000000100000000)
  region size 1024K, 3 young (3072K), 2 survivors (2048K)
 Metaspace       used 71681K, capacity 77561K, committed 78068K, reserved 1116160K
  class space    used 8350K, capacity 10390K, committed 10484K, reserved 1048576K
}
Event: 2110,642 GC heap after
{Heap after GC invocations=67 (full 0):
 garbage-first heap   total 78848K, used 42348K [0x00000000c0000000, 0x0000000100000000)
  region size 1024K, 1 young (1024K), 1 survivors (1024K)
 Metaspace       used 71681K, capacity 77561K, committed 78068K, reserved 1116160K
  class space    used 8350K, capacity 10390K, committed 10484K, reserved 1048576K
}
Event: 2114,501 GC heap before
{Heap before GC invocations=67 (full 0):
 garbage-first heap   total 78848K, used 64876K [0x00000000c0000000, 0x0000000100000000)
  region size 1024K, 24 young (24576K), 1 survivors (1024K)
 Metaspace       used 74170K, capacity 80304K, committed 80500K, reserved 1118208K
  class space    used 8697K, capacity 10848K, committed 10868K, reserved 1048576K
}
Event: 2114,509 GC heap after
{Heap after GC invocations=68 (full 0):
 garbage-first heap   total 78848K, used 42956K [0x00000000c0000000, 0x0000000100000000)
  region size 1024K, 1 young (1024K), 1 survivors (1024K)
 Metaspace       used 74170K, capacity 80304K, committed 80500K, reserved 1118208K
  class space    used 8697K, capacity 10848K, committed 10868K, reserved 1048576K
}
Event: 2115,007 GC heap before
{Heap before GC invocations=69 (full 0):
 garbage-first heap   total 78848K, used 66508K [0x00000000c0000000, 0x0000000100000000)
  region size 1024K, 24 young (24576K), 1 survivors (1024K)
 Metaspace       used 74932K, capacity 81160K, committed 81396K, reserved 1120256K
  class space    used 8783K, capacity 10921K, committed 10996K, reserved 1048576K
}
Event: 2115,013 GC heap after
{Heap after GC invocations=70 (full 0):
 garbage-first heap   total 78848K, used 43212K [0x00000000c0000000, 0x0000000100000000)
  region size 1024K, 2 young (2048K), 2 survivors (2048K)
 Metaspace       used 74932K, capacity 81160K, committed 81396K, reserved 1120256K
  class space    used 8783K, capacity 10921K, committed 10996K, reserved 1048576K
}
Event: 2115,322 GC heap before
{Heap before GC invocations=70 (full 0):
 garbage-first heap   total 78848K, used 65740K [0x00000000c0000000, 0x0000000100000000)
  region size 1024K, 24 young (24576K), 2 survivors (2048K)
 Metaspace       used 75532K, capacity 81730K, committed 82036K, reserved 1120256K
  class space    used 8872K, capacity 11016K, committed 11124K, reserved 1048576K
}
Event: 2115,329 GC heap after
{Heap after GC invocations=71 (full 0):
 garbage-first heap   total 78848K, used 43281K [0x00000000c0000000, 0x0000000100000000)
  region size 1024K, 2 young (2048K), 2 survivors (2048K)
 Metaspace       used 75532K, capacity 81730K, committed 82036K, reserved 1120256K
  class space    used 8872K, capacity 11016K, committed 11124K, reserved 1048576K
}
Event: 2115,722 GC heap before
{Heap before GC invocations=72 (full 0):
 garbage-first heap   total 78848K, used 66833K [0x00000000c0000000, 0x0000000100000000)
  region size 1024K, 25 young (25600K), 2 survivors (2048K)
 Metaspace       used 75775K, capacity 82074K, committed 82292K, reserved 1120256K
  class space    used 8906K, capacity 11068K, committed 11124K, reserved 1048576K
}
Event: 2115,748 GC heap after
{Heap after GC invocations=73 (full 0):
 garbage-first heap   total 78848K, used 43257K [0x00000000c0000000, 0x0000000100000000)
  region size 1024K, 2 young (2048K), 2 survivors (2048K)
 Metaspace       used 75775K, capacity 82074K, committed 82292K, reserved 1120256K
  class space    used 8906K, capacity 11068K, committed 11124K, reserved 1048576K
}
Event: 2115,987 GC heap before
{Heap before GC invocations=73 (full 0):
 garbage-first heap   total 78848K, used 66809K [0x00000000c0000000, 0x0000000100000000)
  region size 1024K, 25 young (25600K), 2 survivors (2048K)
 Metaspace       used 76000K, capacity 82368K, committed 82676K, reserved 1120256K
  class space    used 8936K, capacity 11149K, committed 11252K, reserved 1048576K
}
Event: 2115,992 GC heap after
{Heap after GC invocations=74 (full 0):
 garbage-first heap   total 78848K, used 43336K [0x00000000c0000000, 0x0000000100000000)
  region size 1024K, 2 young (2048K), 2 survivors (2048K)
 Metaspace       used 76000K, capacity 82368K, committed 82676K, reserved 1120256K
  class space    used 8936K, capacity 11149K, committed 11252K, reserved 1048576K
}
Event: 2116,285 GC heap before
{Heap before GC invocations=75 (full 0):
 garbage-first heap   total 78848K, used 66888K [0x00000000c0000000, 0x0000000100000000)
  region size 1024K, 25 young (25600K), 2 survivors (2048K)
 Metaspace       used 76243K, capacity 82634K, committed 82932K, reserved 1120256K
  class space    used 8972K, capacity 11172K, committed 11252K, reserved 1048576K
}
Event: 2116,323 GC heap after
{Heap after GC invocations=76 (full 0):
 garbage-first heap   total 78848K, used 43476K [0x00000000c0000000, 0x0000000100000000)
  region size 1024K, 2 young (2048K), 2 survivors (2048K)
 Metaspace       used 76243K, capacity 82634K, committed 82932K, reserved 1120256K
  class space    used 8972K, capacity 11172K, committed 11252K, reserved 1048576K
}
Event: 2116,550 GC heap before
{Heap before GC invocations=76 (full 0):
 garbage-first heap   total 78848K, used 67028K [0x00000000c0000000, 0x0000000100000000)
  region size 1024K, 25 young (25600K), 2 survivors (2048K)
 Metaspace       used 76395K, capacity 82838K, committed 82932K, reserved 1120256K
  class space    used 8998K, capacity 11222K, committed 11252K, reserved 1048576K
}
Event: 2116,554 GC heap after
{Heap after GC invocations=77 (full 0):
 garbage-first heap   total 78848K, used 43430K [0x00000000c0000000, 0x0000000100000000)
  region size 1024K, 2 young (2048K), 2 survivors (2048K)
 Metaspace       used 76395K, capacity 82838K, committed 82932K, reserved 1120256K
  class space    used 8998K, capacity 11222K, committed 11252K, reserved 1048576K
}
Event: 2123,653 GC heap before
{Heap before GC invocations=78 (full 0):
 garbage-first heap   total 78848K, used 66982K [0x00000000c0000000, 0x0000000100000000)
  region size 1024K, 25 young (25600K), 2 survivors (2048K)
 Metaspace       used 76549K, capacity 82935K, committed 83188K, reserved 1122304K
  class space    used 9024K, capacity 11239K, committed 11252K, reserved 1048576K
}
Event: 2123,665 GC heap after
{Heap after GC invocations=79 (full 0):
 garbage-first heap   total 78848K, used 43460K [0x00000000c0000000, 0x0000000100000000)
  region size 1024K, 2 young (2048K), 2 survivors (2048K)
 Metaspace       used 76549K, capacity 82935K, committed 83188K, reserved 1122304K
  class space    used 9024K, capacity 11239K, committed 11252K, reserved 1048576K
}
Event: 2170,768 GC heap before
{Heap before GC invocations=79 (full 0):
 garbage-first heap   total 78848K, used 65988K [0x00000000c0000000, 0x0000000100000000)
  region size 1024K, 25 young (25600K), 2 survivors (2048K)
 Metaspace       used 76601K, capacity 83063K, committed 83188K, reserved 1122304K
  class space    used 9024K, capacity 11239K, committed 11252K, reserved 1048576K
}
Event: 2170,772 GC heap after
{Heap after GC invocations=80 (full 0):
 garbage-first heap   total 78848K, used 43708K [0x00000000c0000000, 0x0000000100000000)
  region size 1024K, 2 young (2048K), 2 survivors (2048K)
 Metaspace       used 76601K, capacity 83063K, committed 83188K, reserved 1122304K
  class space    used 9024K, capacity 11239K, committed 11252K, reserved 1048576K
}

